e:\leeyouho_maptool_1116\output\maptool\kgca32maptool.pch
e:\leeyouho_maptool_1116\output\maptool\vc140.pdb
e:\leeyouho_maptool_1116\output\maptool\vc140.idb
e:\leeyouho_maptool_1116\output\maptool\stdafx.obj
e:\leeyouho_maptool_1116\output\maptool\baseobj.obj
e:\leeyouho_maptool_1116\output\maptool\bparser.obj
e:\leeyouho_maptool_1116\output\maptool\kgca32maptool.obj
e:\leeyouho_maptool_1116\output\maptool\kgca32maptooldoc.obj
e:\leeyouho_maptool_1116\output\maptool\kmapcontrolpane.obj
e:\leeyouho_maptool_1116\output\maptool\kmapobjcontrolpane.obj
e:\leeyouho_maptool_1116\output\maptool\ktexturecontrolpane.obj
e:\leeyouho_maptool_1116\output\maptool\ktexturefinder.obj
e:\leeyouho_maptool_1116\output\maptool\kwatermapcontrolpane.obj
e:\leeyouho_maptool_1116\output\maptool\mainfrm.obj
e:\leeyouho_maptool_1116\output\maptool\mapexporter.obj
e:\leeyouho_maptool_1116\output\maptool\mapimporter.obj
e:\leeyouho_maptool_1116\output\maptool\sample.obj
e:\leeyouho_maptool_1116\output\maptool\kgca32maptoolview.obj
e:\leeyouho_maptool_1116\output\maptool\kmapcontrolform.obj
e:\leeyouho_maptool_1116\output\maptool\kmapobjcontrolform.obj
e:\leeyouho_maptool_1116\output\maptool\ktexturecontrolform.obj
e:\leeyouho_maptool_1116\output\maptool\kwatermapcontrolform.obj
e:\leeyouho_maptool_1116\output\kgca32maptool.ilk
e:\leeyouho_maptool_1116\output\kgca32maptool.exe
e:\leeyouho_maptool_1116\output\kgca32maptool.pdb
e:\leeyouho_maptool_1116\output\maptool\kgca32maptool.res
e:\leeyouho_maptool_1116\output\maptool\../../output/kgca32maptool.pdb
e:\leeyouho_maptool_1116\kgca32engine\kgca32maptool\../../output/kgca32maptool.exe
e:\leeyouho_maptool_1116\output\maptool\../../output/kgca32maptool.ilk
e:\leeyouho_maptool_1116\output\maptool\kgca32maptool.tlog\cl.command.1.tlog
e:\leeyouho_maptool_1116\output\maptool\kgca32maptool.tlog\cl.read.1.tlog
e:\leeyouho_maptool_1116\output\maptool\kgca32maptool.tlog\cl.write.1.tlog
e:\leeyouho_maptool_1116\output\maptool\kgca32maptool.tlog\link.command.1.tlog
e:\leeyouho_maptool_1116\output\maptool\kgca32maptool.tlog\link.read.1.tlog
e:\leeyouho_maptool_1116\output\maptool\kgca32maptool.tlog\link.write.1.tlog
e:\leeyouho_maptool_1116\output\maptool\kgca32maptool.tlog\rc.command.1.tlog
e:\leeyouho_maptool_1116\output\maptool\kgca32maptool.tlog\rc.read.1.tlog
e:\leeyouho_maptool_1116\output\maptool\kgca32maptool.tlog\rc.write.1.tlog
