e:\leeyouho_maptool_1116\output\kgca32engine\kgca32engine.pdb
e:\leeyouho_maptool_1116\output\kgca32engine\kgca32engine.idb
e:\leeyouho_maptool_1116\output\kgca32engine\bmaplod.obj
e:\leeyouho_maptool_1116\output\kgca32engine\bmapsetting.obj
e:\leeyouho_maptool_1116\output\kgca32engine\bmaptilerender.obj
e:\leeyouho_maptool_1116\output\kgca32engine\bmonstertable.obj
e:\leeyouho_maptool_1116\output\kgca32engine\bnmap.obj
e:\leeyouho_maptool_1116\output\kgca32engine\bnode.obj
e:\leeyouho_maptool_1116\output\kgca32engine\bnplane.obj
e:\leeyouho_maptool_1116\output\kgca32engine\bobject.obj
e:\leeyouho_maptool_1116\output\kgca32engine\bplane.obj
e:\leeyouho_maptool_1116\output\kgca32engine\bquadtree.obj
e:\leeyouho_maptool_1116\output\kgca32engine\brenderplane.obj
e:\leeyouho_maptool_1116\output\kgca32engine\brenderplaneheight.obj
e:\leeyouho_maptool_1116\output\kgca32engine\bselect.obj
e:\leeyouho_maptool_1116\output\kgca32engine\bskyobj.obj
e:\leeyouho_maptool_1116\output\kgca32engine\bsound.obj
e:\leeyouho_maptool_1116\output\kgca32engine\bsphere.obj
e:\leeyouho_maptool_1116\output\kgca32engine\btimer.obj
e:\leeyouho_maptool_1116\output\kgca32engine\bwatermap.obj
e:\leeyouho_maptool_1116\output\kgca32engine\bwindowlib.obj
e:\leeyouho_maptool_1116\output\kgca32engine\bwrite.obj
e:\leeyouho_maptool_1116\output\kgca32engine\bbackviewcamera.obj
e:\leeyouho_maptool_1116\output\kgca32engine\bbox.obj
e:\leeyouho_maptool_1116\output\kgca32engine\bcamera.obj
e:\leeyouho_maptool_1116\output\kgca32engine\bcore.obj
e:\leeyouho_maptool_1116\output\kgca32engine\bdevice.obj
e:\leeyouho_maptool_1116\output\kgca32engine\bdirectionline.obj
e:\leeyouho_maptool_1116\output\kgca32engine\bdxrt.obj
e:\leeyouho_maptool_1116\output\kgca32engine\bdxrtheight.obj
e:\leeyouho_maptool_1116\output\kgca32engine\bdxstate.obj
e:\leeyouho_maptool_1116\output\kgca32engine\bfrustum.obj
e:\leeyouho_maptool_1116\output\kgca32engine\binput.obj
e:\leeyouho_maptool_1116\output\kgca32engine\blight.obj
e:\leeyouho_maptool_1116\output\kgca32engine\bline.obj
e:\leeyouho_maptool_1116\output\kgca32engine\bmap.obj
e:\leeyouho_maptool_1116\output\aseshader.cso
e:\leeyouho_maptool_1116\output\mapshader.cso
e:\leeyouho_maptool_1116\output\shadowshader.cso
e:\leeyouho_maptool_1116\output\skyshader.cso
e:\leeyouho_maptool_1116\output\testshader.cso
e:\leeyouho_maptool_1116\output\watermapshader.cso
e:\leeyouho_maptool_1116\output\normalshader.cso
e:\leeyouho_maptool_1116\output\lineshader.cso
e:\leeyouho_maptool_1116\output\kgca32engine.lib
e:\leeyouho_maptool_1116\output\kgca32engine\bwindowlib.res
e:\leeyouho_maptool_1116\output\kgca32engine\../../output/kgca32engine.pdb
e:\leeyouho_maptool_1116\kgca32engine\kgca32engine\../../output/kgca32engine.lib
e:\leeyouho_maptool_1116\output\kgca32engine\kgca32engine.tlog\cl.command.1.tlog
e:\leeyouho_maptool_1116\output\kgca32engine\kgca32engine.tlog\cl.read.1.tlog
e:\leeyouho_maptool_1116\output\kgca32engine\kgca32engine.tlog\cl.write.1.tlog
e:\leeyouho_maptool_1116\output\kgca32engine\kgca32engine.tlog\kgca32engine.write.1u.tlog
e:\leeyouho_maptool_1116\output\kgca32engine\kgca32engine.tlog\lib-link-cvtres.read.1.tlog
e:\leeyouho_maptool_1116\output\kgca32engine\kgca32engine.tlog\lib-link-cvtres.write.1.tlog
e:\leeyouho_maptool_1116\output\kgca32engine\kgca32engine.tlog\lib.command.1.tlog
e:\leeyouho_maptool_1116\output\kgca32engine\kgca32engine.tlog\rc.command.1.tlog
e:\leeyouho_maptool_1116\output\kgca32engine\kgca32engine.tlog\rc.read.1.tlog
e:\leeyouho_maptool_1116\output\kgca32engine\kgca32engine.tlog\rc.write.1.tlog
